android/build/intermediates/manifest_merge_blame_file/debug/manifest-merger-blame-debug-report.txt
1<?xml version="1.0" encoding="utf-8"?>
2<manifest xmlns:android="http://schemas.android.com/apk/res/android"
3    package="io.invertase.firebase"
4    android:versionCode="1"
5    android:versionName="1.0" >
6
7    <uses-sdk
8        android:minSdkVersion="16"
8-->src\main\AndroidManifest.xml
9        android:targetSdkVersion="29" />
9-->src\main\AndroidManifest.xml
10
11    <uses-permission android:name="android.permission.INTERNET" />
11-->src\main\AndroidManifest.xml:4:3-64
11-->src\main\AndroidManifest.xml:4:20-62
12    <uses-permission android:name="android.permission.WAKE_LOCK" />
12-->src\main\AndroidManifest.xml:5:3-65
12-->src\main\AndroidManifest.xml:5:20-63
13    <uses-permission android:name="android.permission.ACCESS_NETWORK_STATE" />
13-->src\main\AndroidManifest.xml:6:3-76
13-->src\main\AndroidManifest.xml:6:20-74
14
15    <application>
15-->src\main\AndroidManifest.xml:7:3-12:17
16        <service android:name="com.google.firebase.components.ComponentDiscoveryService" >
16-->src\main\AndroidManifest.xml:8:5-11:15
16-->src\main\AndroidManifest.xml:8:14-85
17            <meta-data
17-->src\main\AndroidManifest.xml:9:7-10:85
18                android:name="com.google.firebase.components:io.invertase.firebase.ReactNativeFirebaseAppRegistrar"
18-->src\main\AndroidManifest.xml:9:18-117
19                android:value="com.google.firebase.components.ComponentRegistrar" />
19-->src\main\AndroidManifest.xml:10:18-83
20        </service>
21    </application>
22
23</manifest>